{"C:\\Kolerr Lab_Projects\\SENTINELI-COBOL-KNOWLEDGE-GRAPH\\src\\bridge\\middleware\\auth.js": {"path":"C:\\Kolerr Lab_Projects\\SENTINELI-COBOL-KNOWLEDGE-GRAPH\\src\\bridge\\middleware\\auth.js","statementMap":{"0":{"start":{"line":8,"column":12},"end":{"line":8,"column":35}},"1":{"start":{"line":9,"column":15},"end":{"line":9,"column":41}},"2":{"start":{"line":11,"column":19},"end":{"line":11,"column":84}},"3":{"start":{"line":12,"column":23},"end":{"line":12,"column":58}},"4":{"start":{"line":20,"column":4},"end":{"line":24,"column":7}},"5":{"start":{"line":33,"column":4},"end":{"line":41,"column":5}},"6":{"start":{"line":34,"column":8},"end":{"line":37,"column":11}},"7":{"start":{"line":39,"column":8},"end":{"line":39,"column":75}},"8":{"start":{"line":40,"column":8},"end":{"line":40,"column":20}},"9":{"start":{"line":49,"column":23},"end":{"line":49,"column":51}},"10":{"start":{"line":50,"column":18},"end":{"line":50,"column":56}},"11":{"start":{"line":52,"column":4},"end":{"line":58,"column":5}},"12":{"start":{"line":53,"column":8},"end":{"line":53,"column":94}},"13":{"start":{"line":54,"column":8},"end":{"line":57,"column":11}},"14":{"start":{"line":60,"column":20},"end":{"line":60,"column":38}},"15":{"start":{"line":62,"column":4},"end":{"line":68,"column":5}},"16":{"start":{"line":63,"column":8},"end":{"line":63,"column":93}},"17":{"start":{"line":64,"column":8},"end":{"line":67,"column":11}},"18":{"start":{"line":71,"column":4},"end":{"line":71,"column":23}},"19":{"start":{"line":72,"column":4},"end":{"line":72,"column":80}},"20":{"start":{"line":74,"column":4},"end":{"line":74,"column":11}},"21":{"start":{"line":82,"column":19},"end":{"line":82,"column":43}},"22":{"start":{"line":83,"column":25},"end":{"line":83,"column":79}},"23":{"start":{"line":83,"column":77},"end":{"line":83,"column":78}},"24":{"start":{"line":85,"column":4},"end":{"line":91,"column":5}},"25":{"start":{"line":86,"column":8},"end":{"line":86,"column":100}},"26":{"start":{"line":87,"column":8},"end":{"line":90,"column":11}},"27":{"start":{"line":93,"column":4},"end":{"line":99,"column":5}},"28":{"start":{"line":94,"column":8},"end":{"line":94,"column":111}},"29":{"start":{"line":95,"column":8},"end":{"line":98,"column":11}},"30":{"start":{"line":102,"column":4},"end":{"line":102,"column":24}},"31":{"start":{"line":103,"column":4},"end":{"line":103,"column":62}},"32":{"start":{"line":105,"column":4},"end":{"line":105,"column":11}},"33":{"start":{"line":113,"column":23},"end":{"line":113,"column":51}},"34":{"start":{"line":114,"column":18},"end":{"line":114,"column":56}},"35":{"start":{"line":116,"column":4},"end":{"line":123,"column":5}},"36":{"start":{"line":117,"column":24},"end":{"line":117,"column":42}},"37":{"start":{"line":118,"column":8},"end":{"line":122,"column":9}},"38":{"start":{"line":119,"column":12},"end":{"line":119,"column":31}},"39":{"start":{"line":120,"column":12},"end":{"line":120,"column":96}},"40":{"start":{"line":121,"column":12},"end":{"line":121,"column":26}},"41":{"start":{"line":126,"column":19},"end":{"line":126,"column":43}},"42":{"start":{"line":127,"column":25},"end":{"line":127,"column":79}},"43":{"start":{"line":127,"column":77},"end":{"line":127,"column":78}},"44":{"start":{"line":129,"column":4},"end":{"line":133,"column":5}},"45":{"start":{"line":130,"column":8},"end":{"line":130,"column":28}},"46":{"start":{"line":131,"column":8},"end":{"line":131,"column":70}},"47":{"start":{"line":132,"column":8},"end":{"line":132,"column":22}},"48":{"start":{"line":136,"column":4},"end":{"line":136,"column":96}},"49":{"start":{"line":137,"column":4},"end":{"line":140,"column":7}},"50":{"start":{"line":143,"column":0},"end":{"line":149,"column":2}}},"fnMap":{"0":{"name":"generateToken","decl":{"start":{"line":19,"column":9},"end":{"line":19,"column":22}},"loc":{"start":{"line":19,"column":32},"end":{"line":25,"column":1}},"line":19},"1":{"name":"verifyToken","decl":{"start":{"line":32,"column":9},"end":{"line":32,"column":20}},"loc":{"start":{"line":32,"column":28},"end":{"line":42,"column":1}},"line":32},"2":{"name":"authenticateToken","decl":{"start":{"line":48,"column":9},"end":{"line":48,"column":26}},"loc":{"start":{"line":48,"column":43},"end":{"line":75,"column":1}},"line":48},"3":{"name":"authenticateApiKey","decl":{"start":{"line":81,"column":9},"end":{"line":81,"column":27}},"loc":{"start":{"line":81,"column":44},"end":{"line":106,"column":1}},"line":81},"4":{"name":"(anonymous_4)","decl":{"start":{"line":83,"column":72},"end":{"line":83,"column":73}},"loc":{"start":{"line":83,"column":77},"end":{"line":83,"column":78}},"line":83},"5":{"name":"authenticateEither","decl":{"start":{"line":111,"column":9},"end":{"line":111,"column":27}},"loc":{"start":{"line":111,"column":44},"end":{"line":141,"column":1}},"line":111},"6":{"name":"(anonymous_6)","decl":{"start":{"line":127,"column":72},"end":{"line":127,"column":73}},"loc":{"start":{"line":127,"column":77},"end":{"line":127,"column":78}},"line":127}},"branchMap":{"0":{"loc":{"start":{"line":11,"column":19},"end":{"line":11,"column":84}},"type":"binary-expr","locations":[{"start":{"line":11,"column":19},"end":{"line":11,"column":41}},{"start":{"line":11,"column":45},"end":{"line":11,"column":84}}],"line":11},"1":{"loc":{"start":{"line":12,"column":23},"end":{"line":12,"column":58}},"type":"binary-expr","locations":[{"start":{"line":12,"column":23},"end":{"line":12,"column":49}},{"start":{"line":12,"column":53},"end":{"line":12,"column":58}}],"line":12},"2":{"loc":{"start":{"line":50,"column":18},"end":{"line":50,"column":56}},"type":"binary-expr","locations":[{"start":{"line":50,"column":18},"end":{"line":50,"column":28}},{"start":{"line":50,"column":32},"end":{"line":50,"column":56}}],"line":50},"3":{"loc":{"start":{"line":52,"column":4},"end":{"line":58,"column":5}},"type":"if","locations":[{"start":{"line":52,"column":4},"end":{"line":58,"column":5}},{"start":{},"end":{}}],"line":52},"4":{"loc":{"start":{"line":62,"column":4},"end":{"line":68,"column":5}},"type":"if","locations":[{"start":{"line":62,"column":4},"end":{"line":68,"column":5}},{"start":{},"end":{}}],"line":62},"5":{"loc":{"start":{"line":83,"column":26},"end":{"line":83,"column":52}},"type":"binary-expr","locations":[{"start":{"line":83,"column":26},"end":{"line":83,"column":46}},{"start":{"line":83,"column":50},"end":{"line":83,"column":52}}],"line":83},"6":{"loc":{"start":{"line":85,"column":4},"end":{"line":91,"column":5}},"type":"if","locations":[{"start":{"line":85,"column":4},"end":{"line":91,"column":5}},{"start":{},"end":{}}],"line":85},"7":{"loc":{"start":{"line":93,"column":4},"end":{"line":99,"column":5}},"type":"if","locations":[{"start":{"line":93,"column":4},"end":{"line":99,"column":5}},{"start":{},"end":{}}],"line":93},"8":{"loc":{"start":{"line":114,"column":18},"end":{"line":114,"column":56}},"type":"binary-expr","locations":[{"start":{"line":114,"column":18},"end":{"line":114,"column":28}},{"start":{"line":114,"column":32},"end":{"line":114,"column":56}}],"line":114},"9":{"loc":{"start":{"line":116,"column":4},"end":{"line":123,"column":5}},"type":"if","locations":[{"start":{"line":116,"column":4},"end":{"line":123,"column":5}},{"start":{},"end":{}}],"line":116},"10":{"loc":{"start":{"line":118,"column":8},"end":{"line":122,"column":9}},"type":"if","locations":[{"start":{"line":118,"column":8},"end":{"line":122,"column":9}},{"start":{},"end":{}}],"line":118},"11":{"loc":{"start":{"line":127,"column":26},"end":{"line":127,"column":52}},"type":"binary-expr","locations":[{"start":{"line":127,"column":26},"end":{"line":127,"column":46}},{"start":{"line":127,"column":50},"end":{"line":127,"column":52}}],"line":127},"12":{"loc":{"start":{"line":129,"column":4},"end":{"line":133,"column":5}},"type":"if","locations":[{"start":{"line":129,"column":4},"end":{"line":133,"column":5}},{"start":{},"end":{}}],"line":129},"13":{"loc":{"start":{"line":129,"column":8},"end":{"line":129,"column":47}},"type":"binary-expr","locations":[{"start":{"line":129,"column":8},"end":{"line":129,"column":14}},{"start":{"line":129,"column":18},"end":{"line":129,"column":47}}],"line":129}},"s":{"0":1,"1":1,"2":1,"3":1,"4":4,"5":6,"6":6,"7":3,"8":3,"9":3,"10":3,"11":3,"12":1,"13":1,"14":2,"15":2,"16":1,"17":1,"18":1,"19":1,"20":1,"21":3,"22":3,"23":9,"24":3,"25":1,"26":1,"27":2,"28":1,"29":1,"30":1,"31":1,"32":1,"33":0,"34":0,"35":0,"36":0,"37":0,"38":0,"39":0,"40":0,"41":0,"42":0,"43":0,"44":0,"45":0,"46":0,"47":0,"48":0,"49":0,"50":1},"f":{"0":4,"1":6,"2":3,"3":3,"4":9,"5":0,"6":0},"b":{"0":[1,1],"1":[1,1],"2":[3,2],"3":[1,2],"4":[1,1],"5":[3,0],"6":[1,2],"7":[1,1],"8":[0,0],"9":[0,0],"10":[0,0],"11":[0,0],"12":[0,0],"13":[0,0]},"_coverageSchema":"1a1c01bbd47fc00a2c39e90264f33305004495a9","hash":"e404e81c8e22954ace21a757dcbbfa7339f7ef1e"}
,"C:\\Kolerr Lab_Projects\\SENTINELI-COBOL-KNOWLEDGE-GRAPH\\src\\bridge\\middleware\\errorHandler.js": {"path":"C:\\Kolerr Lab_Projects\\SENTINELI-COBOL-KNOWLEDGE-GRAPH\\src\\bridge\\middleware\\errorHandler.js","statementMap":{"0":{"start":{"line":8,"column":15},"end":{"line":8,"column":41}},"1":{"start":{"line":15,"column":8},"end":{"line":15,"column":23}},"2":{"start":{"line":16,"column":8},"end":{"line":16,"column":37}},"3":{"start":{"line":17,"column":8},"end":{"line":17,"column":31}},"4":{"start":{"line":18,"column":8},"end":{"line":18,"column":34}},"5":{"start":{"line":19,"column":8},"end":{"line":19,"column":56}},"6":{"start":{"line":27,"column":18},"end":{"line":31,"column":5}},"7":{"start":{"line":32,"column":4},"end":{"line":32,"column":16}},"8":{"start":{"line":39,"column":26},"end":{"line":39,"column":63}},"9":{"start":{"line":42,"column":4},"end":{"line":42,"column":43}},"10":{"start":{"line":43,"column":4},"end":{"line":43,"column":39}},"11":{"start":{"line":46,"column":4},"end":{"line":58,"column":25}},"12":{"start":{"line":61,"column":26},"end":{"line":64,"column":5}},"13":{"start":{"line":67,"column":4},"end":{"line":70,"column":5}},"14":{"start":{"line":68,"column":8},"end":{"line":68,"column":40}},"15":{"start":{"line":69,"column":8},"end":{"line":69,"column":44}},"16":{"start":{"line":73,"column":4},"end":{"line":75,"column":5}},"17":{"start":{"line":74,"column":8},"end":{"line":74,"column":44}},"18":{"start":{"line":78,"column":4},"end":{"line":82,"column":5}},"19":{"start":{"line":79,"column":8},"end":{"line":79,"column":50}},"20":{"start":{"line":80,"column":8},"end":{"line":80,"column":44}},"21":{"start":{"line":81,"column":8},"end":{"line":81,"column":29}},"22":{"start":{"line":84,"column":4},"end":{"line":87,"column":5}},"23":{"start":{"line":85,"column":8},"end":{"line":85,"column":52}},"24":{"start":{"line":86,"column":8},"end":{"line":86,"column":29}},"25":{"start":{"line":89,"column":4},"end":{"line":92,"column":5}},"26":{"start":{"line":90,"column":8},"end":{"line":90,"column":46}},"27":{"start":{"line":91,"column":8},"end":{"line":91,"column":29}},"28":{"start":{"line":94,"column":4},"end":{"line":97,"column":5}},"29":{"start":{"line":95,"column":8},"end":{"line":95,"column":46}},"30":{"start":{"line":96,"column":8},"end":{"line":96,"column":29}},"31":{"start":{"line":100,"column":4},"end":{"line":103,"column":5}},"32":{"start":{"line":101,"column":8},"end":{"line":101,"column":52}},"33":{"start":{"line":102,"column":8},"end":{"line":102,"column":29}},"34":{"start":{"line":105,"column":4},"end":{"line":108,"column":5}},"35":{"start":{"line":106,"column":8},"end":{"line":106,"column":48}},"36":{"start":{"line":107,"column":8},"end":{"line":107,"column":29}},"37":{"start":{"line":111,"column":4},"end":{"line":115,"column":5}},"38":{"start":{"line":112,"column":8},"end":{"line":112,"column":61}},"39":{"start":{"line":113,"column":8},"end":{"line":113,"column":35}},"40":{"start":{"line":114,"column":8},"end":{"line":114,"column":37}},"41":{"start":{"line":117,"column":4},"end":{"line":117,"column":51}},"42":{"start":{"line":124,"column":4},"end":{"line":126,"column":6}},"43":{"start":{"line":125,"column":8},"end":{"line":125,"column":56}},"44":{"start":{"line":133,"column":4},"end":{"line":136,"column":7}},"45":{"start":{"line":134,"column":8},"end":{"line":134,"column":77}},"46":{"start":{"line":135,"column":8},"end":{"line":135,"column":24}},"47":{"start":{"line":143,"column":4},"end":{"line":146,"column":7}},"48":{"start":{"line":144,"column":8},"end":{"line":144,"column":78}},"49":{"start":{"line":145,"column":8},"end":{"line":145,"column":24}},"50":{"start":{"line":153,"column":21},"end":{"line":176,"column":5}},"51":{"start":{"line":154,"column":8},"end":{"line":154,"column":73}},"52":{"start":{"line":157,"column":8},"end":{"line":169,"column":11}},"53":{"start":{"line":158,"column":12},"end":{"line":158,"column":46}},"54":{"start":{"line":160,"column":12},"end":{"line":168,"column":13}},"55":{"start":{"line":162,"column":16},"end":{"line":162,"column":32}},"56":{"start":{"line":163,"column":16},"end":{"line":163,"column":49}},"57":{"start":{"line":164,"column":16},"end":{"line":164,"column":32}},"58":{"start":{"line":166,"column":16},"end":{"line":166,"column":69}},"59":{"start":{"line":167,"column":16},"end":{"line":167,"column":32}},"60":{"start":{"line":172,"column":8},"end":{"line":175,"column":18}},"61":{"start":{"line":173,"column":12},"end":{"line":173,"column":59}},"62":{"start":{"line":174,"column":12},"end":{"line":174,"column":28}},"63":{"start":{"line":178,"column":4},"end":{"line":178,"column":53}},"64":{"start":{"line":178,"column":32},"end":{"line":178,"column":51}},"65":{"start":{"line":179,"column":4},"end":{"line":179,"column":51}},"66":{"start":{"line":179,"column":31},"end":{"line":179,"column":49}},"67":{"start":{"line":182,"column":0},"end":{"line":190,"column":2}}},"fnMap":{"0":{"name":"(anonymous_0)","decl":{"start":{"line":14,"column":4},"end":{"line":14,"column":5}},"loc":{"start":{"line":14,"column":59},"end":{"line":20,"column":5}},"line":14},"1":{"name":"notFoundHandler","decl":{"start":{"line":26,"column":9},"end":{"line":26,"column":24}},"loc":{"start":{"line":26,"column":41},"end":{"line":33,"column":1}},"line":26},"2":{"name":"errorHandler","decl":{"start":{"line":38,"column":9},"end":{"line":38,"column":21}},"loc":{"start":{"line":38,"column":44},"end":{"line":118,"column":1}},"line":38},"3":{"name":"asyncHandler","decl":{"start":{"line":123,"column":9},"end":{"line":123,"column":21}},"loc":{"start":{"line":123,"column":26},"end":{"line":127,"column":1}},"line":123},"4":{"name":"(anonymous_4)","decl":{"start":{"line":124,"column":11},"end":{"line":124,"column":12}},"loc":{"start":{"line":124,"column":31},"end":{"line":126,"column":5}},"line":124},"5":{"name":"handleUncaughtException","decl":{"start":{"line":132,"column":9},"end":{"line":132,"column":32}},"loc":{"start":{"line":132,"column":35},"end":{"line":137,"column":1}},"line":132},"6":{"name":"(anonymous_6)","decl":{"start":{"line":133,"column":36},"end":{"line":133,"column":37}},"loc":{"start":{"line":133,"column":45},"end":{"line":136,"column":5}},"line":133},"7":{"name":"handleUnhandledRejection","decl":{"start":{"line":142,"column":9},"end":{"line":142,"column":33}},"loc":{"start":{"line":142,"column":36},"end":{"line":147,"column":1}},"line":142},"8":{"name":"(anonymous_8)","decl":{"start":{"line":143,"column":37},"end":{"line":143,"column":38}},"loc":{"start":{"line":143,"column":46},"end":{"line":146,"column":5}},"line":143},"9":{"name":"setupGracefulShutdown","decl":{"start":{"line":152,"column":9},"end":{"line":152,"column":30}},"loc":{"start":{"line":152,"column":65},"end":{"line":180,"column":1}},"line":152},"10":{"name":"(anonymous_10)","decl":{"start":{"line":152,"column":49},"end":{"line":152,"column":50}},"loc":{"start":{"line":152,"column":61},"end":{"line":152,"column":63}},"line":152},"11":{"name":"(anonymous_11)","decl":{"start":{"line":153,"column":21},"end":{"line":153,"column":22}},"loc":{"start":{"line":153,"column":39},"end":{"line":176,"column":5}},"line":153},"12":{"name":"(anonymous_12)","decl":{"start":{"line":157,"column":21},"end":{"line":157,"column":22}},"loc":{"start":{"line":157,"column":33},"end":{"line":169,"column":9}},"line":157},"13":{"name":"(anonymous_13)","decl":{"start":{"line":172,"column":19},"end":{"line":172,"column":20}},"loc":{"start":{"line":172,"column":25},"end":{"line":175,"column":9}},"line":172},"14":{"name":"(anonymous_14)","decl":{"start":{"line":178,"column":26},"end":{"line":178,"column":27}},"loc":{"start":{"line":178,"column":32},"end":{"line":178,"column":51}},"line":178},"15":{"name":"(anonymous_15)","decl":{"start":{"line":179,"column":25},"end":{"line":179,"column":26}},"loc":{"start":{"line":179,"column":31},"end":{"line":179,"column":49}},"line":179}},"branchMap":{"0":{"loc":{"start":{"line":14,"column":25},"end":{"line":14,"column":41}},"type":"default-arg","locations":[{"start":{"line":14,"column":38},"end":{"line":14,"column":41}}],"line":14},"1":{"loc":{"start":{"line":14,"column":43},"end":{"line":14,"column":57}},"type":"default-arg","locations":[{"start":{"line":14,"column":53},"end":{"line":14,"column":57}}],"line":14},"2":{"loc":{"start":{"line":42,"column":21},"end":{"line":42,"column":42}},"type":"binary-expr","locations":[{"start":{"line":42,"column":21},"end":{"line":42,"column":35}},{"start":{"line":42,"column":39},"end":{"line":42,"column":42}}],"line":42},"3":{"loc":{"start":{"line":43,"column":17},"end":{"line":43,"column":38}},"type":"binary-expr","locations":[{"start":{"line":43,"column":17},"end":{"line":43,"column":27}},{"start":{"line":43,"column":31},"end":{"line":43,"column":38}}],"line":43},"4":{"loc":{"start":{"line":62,"column":15},"end":{"line":62,"column":53}},"type":"binary-expr","locations":[{"start":{"line":62,"column":15},"end":{"line":62,"column":26}},{"start":{"line":62,"column":30},"end":{"line":62,"column":53}}],"line":62},"5":{"loc":{"start":{"line":67,"column":4},"end":{"line":70,"column":5}},"type":"if","locations":[{"start":{"line":67,"column":4},"end":{"line":70,"column":5}},{"start":{},"end":{}}],"line":67},"6":{"loc":{"start":{"line":73,"column":4},"end":{"line":75,"column":5}},"type":"if","locations":[{"start":{"line":73,"column":4},"end":{"line":75,"column":5}},{"start":{},"end":{}}],"line":73},"7":{"loc":{"start":{"line":73,"column":8},"end":{"line":73,"column":40}},"type":"binary-expr","locations":[{"start":{"line":73,"column":8},"end":{"line":73,"column":25}},{"start":{"line":73,"column":29},"end":{"line":73,"column":40}}],"line":73},"8":{"loc":{"start":{"line":78,"column":4},"end":{"line":82,"column":5}},"type":"if","locations":[{"start":{"line":78,"column":4},"end":{"line":82,"column":5}},{"start":{},"end":{}}],"line":78},"9":{"loc":{"start":{"line":84,"column":4},"end":{"line":87,"column":5}},"type":"if","locations":[{"start":{"line":84,"column":4},"end":{"line":87,"column":5}},{"start":{},"end":{}}],"line":84},"10":{"loc":{"start":{"line":89,"column":4},"end":{"line":92,"column":5}},"type":"if","locations":[{"start":{"line":89,"column":4},"end":{"line":92,"column":5}},{"start":{},"end":{}}],"line":89},"11":{"loc":{"start":{"line":94,"column":4},"end":{"line":97,"column":5}},"type":"if","locations":[{"start":{"line":94,"column":4},"end":{"line":97,"column":5}},{"start":{},"end":{}}],"line":94},"12":{"loc":{"start":{"line":100,"column":4},"end":{"line":103,"column":5}},"type":"if","locations":[{"start":{"line":100,"column":4},"end":{"line":103,"column":5}},{"start":{},"end":{}}],"line":100},"13":{"loc":{"start":{"line":100,"column":8},"end":{"line":100,"column":45}},"type":"binary-expr","locations":[{"start":{"line":100,"column":8},"end":{"line":100,"column":16}},{"start":{"line":100,"column":20},"end":{"line":100,"column":45}}],"line":100},"14":{"loc":{"start":{"line":105,"column":4},"end":{"line":108,"column":5}},"type":"if","locations":[{"start":{"line":105,"column":4},"end":{"line":108,"column":5}},{"start":{},"end":{}}],"line":105},"15":{"loc":{"start":{"line":111,"column":4},"end":{"line":115,"column":5}},"type":"if","locations":[{"start":{"line":111,"column":4},"end":{"line":115,"column":5}},{"start":{},"end":{}}],"line":111},"16":{"loc":{"start":{"line":111,"column":8},"end":{"line":111,"column":48}},"type":"binary-expr","locations":[{"start":{"line":111,"column":8},"end":{"line":111,"column":22}},{"start":{"line":111,"column":26},"end":{"line":111,"column":48}}],"line":111},"17":{"loc":{"start":{"line":152,"column":39},"end":{"line":152,"column":63}},"type":"default-arg","locations":[{"start":{"line":152,"column":49},"end":{"line":152,"column":63}}],"line":152}},"s":{"0":0,"1":0,"2":0,"3":0,"4":0,"5":0,"6":0,"7":0,"8":0,"9":0,"10":0,"11":0,"12":0,"13":0,"14":0,"15":0,"16":0,"17":0,"18":0,"19":0,"20":0,"21":0,"22":0,"23":0,"24":0,"25":0,"26":0,"27":0,"28":0,"29":0,"30":0,"31":0,"32":0,"33":0,"34":0,"35":0,"36":0,"37":0,"38":0,"39":0,"40":0,"41":0,"42":0,"43":0,"44":0,"45":0,"46":0,"47":0,"48":0,"49":0,"50":0,"51":0,"52":0,"53":0,"54":0,"55":0,"56":0,"57":0,"58":0,"59":0,"60":0,"61":0,"62":0,"63":0,"64":0,"65":0,"66":0,"67":0},"f":{"0":0,"1":0,"2":0,"3":0,"4":0,"5":0,"6":0,"7":0,"8":0,"9":0,"10":0,"11":0,"12":0,"13":0,"14":0,"15":0},"b":{"0":[0],"1":[0],"2":[0,0],"3":[0,0],"4":[0,0],"5":[0,0],"6":[0,0],"7":[0,0],"8":[0,0],"9":[0,0],"10":[0,0],"11":[0,0],"12":[0,0],"13":[0,0],"14":[0,0],"15":[0,0],"16":[0,0],"17":[0]}}
,"C:\\Kolerr Lab_Projects\\SENTINELI-COBOL-KNOWLEDGE-GRAPH\\src\\bridge\\middleware\\rateLimiting.js": {"path":"C:\\Kolerr Lab_Projects\\SENTINELI-COBOL-KNOWLEDGE-GRAPH\\src\\bridge\\middleware\\rateLimiting.js","statementMap":{"0":{"start":{"line":8,"column":18},"end":{"line":8,"column":47}},"1":{"start":{"line":9,"column":15},"end":{"line":9,"column":41}},"2":{"start":{"line":15,"column":23},"end":{"line":37,"column":2}},"3":{"start":{"line":26,"column":8},"end":{"line":29,"column":52}},"4":{"start":{"line":31,"column":8},"end":{"line":35,"column":11}},"5":{"start":{"line":43,"column":25},"end":{"line":71,"column":2}},"6":{"start":{"line":54,"column":8},"end":{"line":58,"column":54}},"7":{"start":{"line":60,"column":8},"end":{"line":65,"column":11}},"8":{"start":{"line":69,"column":8},"end":{"line":69,"column":53}},"9":{"start":{"line":77,"column":26},"end":{"line":105,"column":2}},"10":{"start":{"line":88,"column":8},"end":{"line":92,"column":56}},"11":{"start":{"line":94,"column":8},"end":{"line":99,"column":11}},"12":{"start":{"line":103,"column":8},"end":{"line":103,"column":53}},"13":{"start":{"line":110,"column":22},"end":{"line":123,"column":2}},"14":{"start":{"line":116,"column":8},"end":{"line":116,"column":82}},"15":{"start":{"line":117,"column":8},"end":{"line":121,"column":11}},"16":{"start":{"line":131,"column":21},"end":{"line":144,"column":5}},"17":{"start":{"line":137,"column":12},"end":{"line":137,"column":86}},"18":{"start":{"line":138,"column":12},"end":{"line":142,"column":15}},"19":{"start":{"line":146,"column":4},"end":{"line":146,"column":50}},"20":{"start":{"line":149,"column":0},"end":{"line":155,"column":2}}},"fnMap":{"0":{"name":"(anonymous_0)","decl":{"start":{"line":25,"column":13},"end":{"line":25,"column":14}},"loc":{"start":{"line":25,"column":27},"end":{"line":36,"column":5}},"line":25},"1":{"name":"(anonymous_1)","decl":{"start":{"line":53,"column":13},"end":{"line":53,"column":14}},"loc":{"start":{"line":53,"column":27},"end":{"line":66,"column":5}},"line":53},"2":{"name":"(anonymous_2)","decl":{"start":{"line":68,"column":10},"end":{"line":68,"column":11}},"loc":{"start":{"line":68,"column":19},"end":{"line":70,"column":5}},"line":68},"3":{"name":"(anonymous_3)","decl":{"start":{"line":87,"column":13},"end":{"line":87,"column":14}},"loc":{"start":{"line":87,"column":27},"end":{"line":100,"column":5}},"line":87},"4":{"name":"(anonymous_4)","decl":{"start":{"line":102,"column":10},"end":{"line":102,"column":11}},"loc":{"start":{"line":102,"column":19},"end":{"line":104,"column":5}},"line":102},"5":{"name":"(anonymous_5)","decl":{"start":{"line":115,"column":13},"end":{"line":115,"column":14}},"loc":{"start":{"line":115,"column":27},"end":{"line":122,"column":5}},"line":115},"6":{"name":"createCustomLimiter","decl":{"start":{"line":130,"column":9},"end":{"line":130,"column":28}},"loc":{"start":{"line":130,"column":38},"end":{"line":147,"column":1}},"line":130},"7":{"name":"(anonymous_7)","decl":{"start":{"line":136,"column":17},"end":{"line":136,"column":18}},"loc":{"start":{"line":136,"column":31},"end":{"line":143,"column":9}},"line":136}},"branchMap":{"0":{"loc":{"start":{"line":69,"column":15},"end":{"line":69,"column":52}},"type":"binary-expr","locations":[{"start":{"line":69,"column":15},"end":{"line":69,"column":23}},{"start":{"line":69,"column":27},"end":{"line":69,"column":52}}],"line":69},"1":{"loc":{"start":{"line":103,"column":15},"end":{"line":103,"column":52}},"type":"binary-expr","locations":[{"start":{"line":103,"column":15},"end":{"line":103,"column":23}},{"start":{"line":103,"column":27},"end":{"line":103,"column":52}}],"line":103},"2":{"loc":{"start":{"line":140,"column":25},"end":{"line":140,"column":88}},"type":"binary-expr","locations":[{"start":{"line":140,"column":25},"end":{"line":140,"column":40}},{"start":{"line":140,"column":44},"end":{"line":140,"column":88}}],"line":140}},"s":{"0":0,"1":0,"2":0,"3":0,"4":0,"5":0,"6":0,"7":0,"8":0,"9":0,"10":0,"11":0,"12":0,"13":0,"14":0,"15":0,"16":0,"17":0,"18":0,"19":0,"20":0},"f":{"0":0,"1":0,"2":0,"3":0,"4":0,"5":0,"6":0,"7":0},"b":{"0":[0,0],"1":[0,0],"2":[0,0]}}
,"C:\\Kolerr Lab_Projects\\SENTINELI-COBOL-KNOWLEDGE-GRAPH\\src\\bridge\\middleware\\validation.js": {"path":"C:\\Kolerr Lab_Projects\\SENTINELI-COBOL-KNOWLEDGE-GRAPH\\src\\bridge\\middleware\\validation.js","statementMap":{"0":{"start":{"line":8,"column":12},"end":{"line":8,"column":26}},"1":{"start":{"line":9,"column":15},"end":{"line":9,"column":41}},"2":{"start":{"line":15,"column":27},"end":{"line":49,"column":16}},"3":{"start":{"line":54,"column":26},"end":{"line":65,"column":2}},"4":{"start":{"line":70,"column":25},"end":{"line":76,"column":1}},"5":{"start":{"line":82,"column":4},"end":{"line":87,"column":5}},"6":{"start":{"line":83,"column":8},"end":{"line":86,"column":10}},"7":{"start":{"line":90,"column":4},"end":{"line":95,"column":5}},"8":{"start":{"line":91,"column":8},"end":{"line":94,"column":10}},"9":{"start":{"line":97,"column":4},"end":{"line":97,"column":27}},"10":{"start":{"line":106,"column":4},"end":{"line":135,"column":6}},"11":{"start":{"line":107,"column":21},"end":{"line":107,"column":32}},"12":{"start":{"line":109,"column":33},"end":{"line":112,"column":10}},"13":{"start":{"line":114,"column":8},"end":{"line":130,"column":9}},"14":{"start":{"line":115,"column":27},"end":{"line":118,"column":15}},"15":{"start":{"line":115,"column":56},"end":{"line":118,"column":13}},"16":{"start":{"line":120,"column":12},"end":{"line":124,"column":36}},"17":{"start":{"line":126,"column":12},"end":{"line":129,"column":15}},"18":{"start":{"line":133,"column":8},"end":{"line":133,"column":28}},"19":{"start":{"line":134,"column":8},"end":{"line":134,"column":15}},"20":{"start":{"line":141,"column":31},"end":{"line":141,"column":67}},"21":{"start":{"line":146,"column":29},"end":{"line":163,"column":1}},"22":{"start":{"line":147,"column":21},"end":{"line":147,"column":36}},"23":{"start":{"line":149,"column":22},"end":{"line":152,"column":27}},"24":{"start":{"line":154,"column":4},"end":{"line":160,"column":5}},"25":{"start":{"line":155,"column":8},"end":{"line":155,"column":67}},"26":{"start":{"line":156,"column":8},"end":{"line":159,"column":11}},"27":{"start":{"line":162,"column":4},"end":{"line":162,"column":11}},"28":{"start":{"line":168,"column":33},"end":{"line":186,"column":1}},"29":{"start":{"line":169,"column":24},"end":{"line":169,"column":42}},"30":{"start":{"line":170,"column":19},"end":{"line":170,"column":51}},"31":{"start":{"line":172,"column":4},"end":{"line":183,"column":5}},"32":{"start":{"line":173,"column":8},"end":{"line":177,"column":50}},"33":{"start":{"line":179,"column":8},"end":{"line":182,"column":11}},"34":{"start":{"line":185,"column":4},"end":{"line":185,"column":11}},"35":{"start":{"line":192,"column":27},"end":{"line":199,"column":5}},"36":{"start":{"line":193,"column":8},"end":{"line":193,"column":48}},"37":{"start":{"line":193,"column":37},"end":{"line":193,"column":48}},"38":{"start":{"line":196,"column":8},"end":{"line":198,"column":26}},"39":{"start":{"line":201,"column":27},"end":{"line":215,"column":5}},"40":{"start":{"line":202,"column":8},"end":{"line":202,"column":56}},"41":{"start":{"line":202,"column":45},"end":{"line":202,"column":56}},"42":{"start":{"line":204,"column":26},"end":{"line":204,"column":28}},"43":{"start":{"line":205,"column":8},"end":{"line":213,"column":9}},"44":{"start":{"line":206,"column":12},"end":{"line":212,"column":13}},"45":{"start":{"line":207,"column":16},"end":{"line":207,"column":55}},"46":{"start":{"line":208,"column":19},"end":{"line":212,"column":13}},"47":{"start":{"line":209,"column":16},"end":{"line":209,"column":55}},"48":{"start":{"line":211,"column":16},"end":{"line":211,"column":39}},"49":{"start":{"line":214,"column":8},"end":{"line":214,"column":25}},"50":{"start":{"line":217,"column":4},"end":{"line":217,"column":54}},"51":{"start":{"line":217,"column":18},"end":{"line":217,"column":54}},"52":{"start":{"line":218,"column":4},"end":{"line":218,"column":57}},"53":{"start":{"line":218,"column":19},"end":{"line":218,"column":57}},"54":{"start":{"line":219,"column":4},"end":{"line":219,"column":60}},"55":{"start":{"line":219,"column":20},"end":{"line":219,"column":60}},"56":{"start":{"line":221,"column":4},"end":{"line":221,"column":11}},"57":{"start":{"line":224,"column":0},"end":{"line":236,"column":2}}},"fnMap":{"0":{"name":"validateProgramName","decl":{"start":{"line":81,"column":9},"end":{"line":81,"column":28}},"loc":{"start":{"line":81,"column":42},"end":{"line":98,"column":1}},"line":81},"1":{"name":"validate","decl":{"start":{"line":105,"column":9},"end":{"line":105,"column":17}},"loc":{"start":{"line":105,"column":43},"end":{"line":136,"column":1}},"line":105},"2":{"name":"(anonymous_2)","decl":{"start":{"line":106,"column":11},"end":{"line":106,"column":12}},"loc":{"start":{"line":106,"column":31},"end":{"line":135,"column":5}},"line":106},"3":{"name":"(anonymous_3)","decl":{"start":{"line":115,"column":45},"end":{"line":115,"column":46}},"loc":{"start":{"line":115,"column":56},"end":{"line":118,"column":13}},"line":115},"4":{"name":"(anonymous_4)","decl":{"start":{"line":146,"column":29},"end":{"line":146,"column":30}},"loc":{"start":{"line":146,"column":49},"end":{"line":163,"column":1}},"line":146},"5":{"name":"(anonymous_5)","decl":{"start":{"line":168,"column":33},"end":{"line":168,"column":34}},"loc":{"start":{"line":168,"column":53},"end":{"line":186,"column":1}},"line":168},"6":{"name":"sanitize","decl":{"start":{"line":191,"column":9},"end":{"line":191,"column":17}},"loc":{"start":{"line":191,"column":34},"end":{"line":222,"column":1}},"line":191},"7":{"name":"(anonymous_7)","decl":{"start":{"line":192,"column":27},"end":{"line":192,"column":28}},"loc":{"start":{"line":192,"column":36},"end":{"line":199,"column":5}},"line":192},"8":{"name":"(anonymous_8)","decl":{"start":{"line":201,"column":27},"end":{"line":201,"column":28}},"loc":{"start":{"line":201,"column":36},"end":{"line":215,"column":5}},"line":201}},"branchMap":{"0":{"loc":{"start":{"line":82,"column":4},"end":{"line":87,"column":5}},"type":"if","locations":[{"start":{"line":82,"column":4},"end":{"line":87,"column":5}},{"start":{},"end":{}}],"line":82},"1":{"loc":{"start":{"line":90,"column":4},"end":{"line":95,"column":5}},"type":"if","locations":[{"start":{"line":90,"column":4},"end":{"line":95,"column":5}},{"start":{},"end":{}}],"line":90},"2":{"loc":{"start":{"line":90,"column":8},"end":{"line":90,"column":93}},"type":"binary-expr","locations":[{"start":{"line":90,"column":8},"end":{"line":90,"column":33}},{"start":{"line":90,"column":37},"end":{"line":90,"column":63}},{"start":{"line":90,"column":67},"end":{"line":90,"column":93}}],"line":90},"3":{"loc":{"start":{"line":105,"column":26},"end":{"line":105,"column":41}},"type":"default-arg","locations":[{"start":{"line":105,"column":35},"end":{"line":105,"column":41}}],"line":105},"4":{"loc":{"start":{"line":114,"column":8},"end":{"line":130,"column":9}},"type":"if","locations":[{"start":{"line":114,"column":8},"end":{"line":130,"column":9}},{"start":{},"end":{}}],"line":114},"5":{"loc":{"start":{"line":154,"column":4},"end":{"line":160,"column":5}},"type":"if","locations":[{"start":{"line":154,"column":4},"end":{"line":160,"column":5}},{"start":{},"end":{}}],"line":154},"6":{"loc":{"start":{"line":172,"column":4},"end":{"line":183,"column":5}},"type":"if","locations":[{"start":{"line":172,"column":4},"end":{"line":183,"column":5}},{"start":{},"end":{}}],"line":172},"7":{"loc":{"start":{"line":193,"column":8},"end":{"line":193,"column":48}},"type":"if","locations":[{"start":{"line":193,"column":8},"end":{"line":193,"column":48}},{"start":{},"end":{}}],"line":193},"8":{"loc":{"start":{"line":202,"column":8},"end":{"line":202,"column":56}},"type":"if","locations":[{"start":{"line":202,"column":8},"end":{"line":202,"column":56}},{"start":{},"end":{}}],"line":202},"9":{"loc":{"start":{"line":202,"column":12},"end":{"line":202,"column":43}},"type":"binary-expr","locations":[{"start":{"line":202,"column":12},"end":{"line":202,"column":16}},{"start":{"line":202,"column":20},"end":{"line":202,"column":43}}],"line":202},"10":{"loc":{"start":{"line":206,"column":12},"end":{"line":212,"column":13}},"type":"if","locations":[{"start":{"line":206,"column":12},"end":{"line":212,"column":13}},{"start":{"line":208,"column":19},"end":{"line":212,"column":13}}],"line":206},"11":{"loc":{"start":{"line":208,"column":19},"end":{"line":212,"column":13}},"type":"if","locations":[{"start":{"line":208,"column":19},"end":{"line":212,"column":13}},{"start":{"line":210,"column":19},"end":{"line":212,"column":13}}],"line":208},"12":{"loc":{"start":{"line":217,"column":4},"end":{"line":217,"column":54}},"type":"if","locations":[{"start":{"line":217,"column":4},"end":{"line":217,"column":54}},{"start":{},"end":{}}],"line":217},"13":{"loc":{"start":{"line":218,"column":4},"end":{"line":218,"column":57}},"type":"if","locations":[{"start":{"line":218,"column":4},"end":{"line":218,"column":57}},{"start":{},"end":{}}],"line":218},"14":{"loc":{"start":{"line":219,"column":4},"end":{"line":219,"column":60}},"type":"if","locations":[{"start":{"line":219,"column":4},"end":{"line":219,"column":60}},{"start":{},"end":{}}],"line":219}},"s":{"0":1,"1":1,"2":1,"3":1,"4":1,"5":12,"6":7,"7":5,"8":0,"9":5,"10":1,"11":0,"12":0,"13":0,"14":0,"15":0,"16":0,"17":0,"18":0,"19":0,"20":1,"21":1,"22":0,"23":0,"24":0,"25":0,"26":0,"27":0,"28":1,"29":0,"30":0,"31":0,"32":0,"33":0,"34":0,"35":0,"36":0,"37":0,"38":0,"39":0,"40":0,"41":0,"42":0,"43":0,"44":0,"45":0,"46":0,"47":0,"48":0,"49":0,"50":0,"51":0,"52":0,"53":0,"54":0,"55":0,"56":0,"57":1},"f":{"0":12,"1":1,"2":0,"3":0,"4":0,"5":0,"6":0,"7":0,"8":0},"b":{"0":[7,5],"1":[0,5],"2":[5,5,5],"3":[0],"4":[0,0],"5":[0,0],"6":[0,0],"7":[0,0],"8":[0,0],"9":[0,0],"10":[0,0],"11":[0,0],"12":[0,0],"13":[0,0],"14":[0,0]},"_coverageSchema":"1a1c01bbd47fc00a2c39e90264f33305004495a9","hash":"a8ff0dc21ba330336038028a8a40622e8e95f624"}
,"C:\\Kolerr Lab_Projects\\SENTINELI-COBOL-KNOWLEDGE-GRAPH\\src\\bridge\\utils\\logger.js": {"path":"C:\\Kolerr Lab_Projects\\SENTINELI-COBOL-KNOWLEDGE-GRAPH\\src\\bridge\\utils\\logger.js","statementMap":{"0":{"start":{"line":8,"column":13},"end":{"line":8,"column":28}},"1":{"start":{"line":10,"column":22},"end":{"line":10,"column":59}},"2":{"start":{"line":12,"column":15},"end":{"line":42,"column":2}},"3":{"start":{"line":41,"column":21},"end":{"line":41,"column":60}},"4":{"start":{"line":48,"column":18},"end":{"line":48,"column":28}},"5":{"start":{"line":50,"column":4},"end":{"line":69,"column":7}},"6":{"start":{"line":51,"column":25},"end":{"line":51,"column":43}},"7":{"start":{"line":52,"column":24},"end":{"line":60,"column":9}},"8":{"start":{"line":62,"column":8},"end":{"line":68,"column":9}},"9":{"start":{"line":63,"column":12},"end":{"line":63,"column":52}},"10":{"start":{"line":64,"column":15},"end":{"line":68,"column":9}},"11":{"start":{"line":65,"column":12},"end":{"line":65,"column":50}},"12":{"start":{"line":67,"column":12},"end":{"line":67,"column":54}},"13":{"start":{"line":71,"column":4},"end":{"line":71,"column":11}},"14":{"start":{"line":78,"column":4},"end":{"line":84,"column":33}},"15":{"start":{"line":91,"column":4},"end":{"line":96,"column":32}},"16":{"start":{"line":103,"column":4},"end":{"line":107,"column":35}},"17":{"start":{"line":110,"column":0},"end":{"line":110,"column":24}},"18":{"start":{"line":111,"column":0},"end":{"line":111,"column":45}},"19":{"start":{"line":112,"column":0},"end":{"line":112,"column":53}},"20":{"start":{"line":113,"column":0},"end":{"line":113,"column":45}},"21":{"start":{"line":114,"column":0},"end":{"line":114,"column":51}}},"fnMap":{"0":{"name":"(anonymous_0)","decl":{"start":{"line":41,"column":15},"end":{"line":41,"column":16}},"loc":{"start":{"line":41,"column":21},"end":{"line":41,"column":60}},"line":41},"1":{"name":"requestLogger","decl":{"start":{"line":47,"column":9},"end":{"line":47,"column":22}},"loc":{"start":{"line":47,"column":39},"end":{"line":72,"column":1}},"line":47},"2":{"name":"(anonymous_2)","decl":{"start":{"line":50,"column":21},"end":{"line":50,"column":22}},"loc":{"start":{"line":50,"column":27},"end":{"line":69,"column":5}},"line":50},"3":{"name":"logCobolExecution","decl":{"start":{"line":77,"column":9},"end":{"line":77,"column":26}},"loc":{"start":{"line":77,"column":66},"end":{"line":85,"column":1}},"line":77},"4":{"name":"logAiAnalysis","decl":{"start":{"line":90,"column":9},"end":{"line":90,"column":22}},"loc":{"start":{"line":90,"column":51},"end":{"line":97,"column":1}},"line":90},"5":{"name":"logSecurityEvent","decl":{"start":{"line":102,"column":9},"end":{"line":102,"column":25}},"loc":{"start":{"line":102,"column":42},"end":{"line":108,"column":1}},"line":102}},"branchMap":{"0":{"loc":{"start":{"line":13,"column":11},"end":{"line":13,"column":70}},"type":"binary-expr","locations":[{"start":{"line":13,"column":11},"end":{"line":13,"column":32}},{"start":{"line":13,"column":37},"end":{"line":13,"column":69}}],"line":13},"1":{"loc":{"start":{"line":13,"column":37},"end":{"line":13,"column":69}},"type":"cond-expr","locations":[{"start":{"line":13,"column":53},"end":{"line":13,"column":60}},{"start":{"line":13,"column":63},"end":{"line":13,"column":69}}],"line":13},"2":{"loc":{"start":{"line":16,"column":15},"end":{"line":24,"column":17}},"type":"cond-expr","locations":[{"start":{"line":16,"column":31},"end":{"line":24,"column":5}},{"start":{"line":24,"column":8},"end":{"line":24,"column":17}}],"line":16},"3":{"loc":{"start":{"line":29,"column":13},"end":{"line":29,"column":50}},"type":"binary-expr","locations":[{"start":{"line":29,"column":13},"end":{"line":29,"column":33}},{"start":{"line":29,"column":37},"end":{"line":29,"column":50}}],"line":29},"4":{"loc":{"start":{"line":62,"column":8},"end":{"line":68,"column":9}},"type":"if","locations":[{"start":{"line":62,"column":8},"end":{"line":68,"column":9}},{"start":{"line":64,"column":15},"end":{"line":68,"column":9}}],"line":62},"5":{"loc":{"start":{"line":64,"column":15},"end":{"line":68,"column":9}},"type":"if","locations":[{"start":{"line":64,"column":15},"end":{"line":68,"column":9}},{"start":{"line":66,"column":15},"end":{"line":68,"column":9}}],"line":64},"6":{"loc":{"start":{"line":95,"column":14},"end":{"line":95,"column":37}},"type":"cond-expr","locations":[{"start":{"line":95,"column":23},"end":{"line":95,"column":24}},{"start":{"line":95,"column":27},"end":{"line":95,"column":37}}],"line":95}},"s":{"0":0,"1":0,"2":0,"3":0,"4":0,"5":0,"6":0,"7":0,"8":0,"9":0,"10":0,"11":0,"12":0,"13":0,"14":0,"15":0,"16":0,"17":0,"18":0,"19":0,"20":0,"21":0},"f":{"0":0,"1":0,"2":0,"3":0,"4":0,"5":0},"b":{"0":[0,0],"1":[0,0],"2":[0,0],"3":[0,0],"4":[0,0],"5":[0,0],"6":[0,0]}}
,"C:\\Kolerr Lab_Projects\\SENTINELI-COBOL-KNOWLEDGE-GRAPH\\src\\bridge\\verifier\\z3_verifier.js": {"path":"C:\\Kolerr Lab_Projects\\SENTINELI-COBOL-KNOWLEDGE-GRAPH\\src\\bridge\\verifier\\z3_verifier.js","statementMap":{"0":{"start":{"line":17,"column":17},"end":{"line":17,"column":37}},"1":{"start":{"line":27,"column":22},"end":{"line":27,"column":32}},"2":{"start":{"line":29,"column":4},"end":{"line":287,"column":5}},"3":{"start":{"line":30,"column":28},"end":{"line":30,"column":40}},"4":{"start":{"line":31,"column":19},"end":{"line":31,"column":34}},"5":{"start":{"line":34,"column":28},"end":{"line":34,"column":56}},"6":{"start":{"line":35,"column":23},"end":{"line":35,"column":45}},"7":{"start":{"line":36,"column":27},"end":{"line":36,"column":54}},"8":{"start":{"line":37,"column":21},"end":{"line":37,"column":41}},"9":{"start":{"line":38,"column":27},"end":{"line":38,"column":53}},"10":{"start":{"line":39,"column":32},"end":{"line":39,"column":64}},"11":{"start":{"line":40,"column":29},"end":{"line":40,"column":57}},"12":{"start":{"line":43,"column":25},"end":{"line":43,"column":51}},"13":{"start":{"line":44,"column":25},"end":{"line":44,"column":51}},"14":{"start":{"line":48,"column":25},"end":{"line":48,"column":50}},"15":{"start":{"line":50,"column":23},"end":{"line":50,"column":38}},"16":{"start":{"line":55,"column":8},"end":{"line":55,"column":59}},"17":{"start":{"line":56,"column":8},"end":{"line":56,"column":48}},"18":{"start":{"line":57,"column":8},"end":{"line":57,"column":57}},"19":{"start":{"line":58,"column":8},"end":{"line":58,"column":44}},"20":{"start":{"line":59,"column":8},"end":{"line":59,"column":61}},"21":{"start":{"line":60,"column":8},"end":{"line":60,"column":72}},"22":{"start":{"line":61,"column":8},"end":{"line":61,"column":65}},"23":{"start":{"line":69,"column":25},"end":{"line":69,"column":46}},"24":{"start":{"line":70,"column":25},"end":{"line":70,"column":40}},"25":{"start":{"line":71,"column":27},"end":{"line":71,"column":44}},"26":{"start":{"line":74,"column":33},"end":{"line":74,"column":66}},"27":{"start":{"line":77,"column":26},"end":{"line":77,"column":56}},"28":{"start":{"line":80,"column":30},"end":{"line":80,"column":79}},"29":{"start":{"line":82,"column":8},"end":{"line":82,"column":47}},"30":{"start":{"line":91,"column":8},"end":{"line":98,"column":9}},"31":{"start":{"line":92,"column":35},"end":{"line":92,"column":79}},"32":{"start":{"line":93,"column":34},"end":{"line":93,"column":86}},"33":{"start":{"line":94,"column":12},"end":{"line":94,"column":51}},"34":{"start":{"line":97,"column":12},"end":{"line":97,"column":59}},"35":{"start":{"line":103,"column":28},"end":{"line":103,"column":47}},"36":{"start":{"line":104,"column":23},"end":{"line":104,"column":67}},"37":{"start":{"line":105,"column":23},"end":{"line":105,"column":67}},"38":{"start":{"line":106,"column":23},"end":{"line":106,"column":42}},"39":{"start":{"line":111,"column":34},"end":{"line":111,"column":49}},"40":{"start":{"line":112,"column":29},"end":{"line":112,"column":44}},"41":{"start":{"line":113,"column":29},"end":{"line":113,"column":44}},"42":{"start":{"line":114,"column":29},"end":{"line":114,"column":44}},"43":{"start":{"line":116,"column":32},"end":{"line":121,"column":9}},"44":{"start":{"line":126,"column":33},"end":{"line":131,"column":9}},"45":{"start":{"line":136,"column":31},"end":{"line":136,"column":47}},"46":{"start":{"line":141,"column":33},"end":{"line":141,"column":76}},"47":{"start":{"line":146,"column":30},"end":{"line":146,"column":46}},"48":{"start":{"line":147,"column":24},"end":{"line":147,"column":54}},"49":{"start":{"line":150,"column":34},"end":{"line":152,"column":37}},"50":{"start":{"line":155,"column":34},"end":{"line":157,"column":37}},"51":{"start":{"line":162,"column":39},"end":{"line":163,"column":37}},"52":{"start":{"line":165,"column":31},"end":{"line":166,"column":37}},"53":{"start":{"line":168,"column":30},"end":{"line":170,"column":37}},"54":{"start":{"line":172,"column":30},"end":{"line":172,"column":52}},"55":{"start":{"line":176,"column":32},"end":{"line":176,"column":64}},"56":{"start":{"line":177,"column":29},"end":{"line":177,"column":69}},"57":{"start":{"line":178,"column":29},"end":{"line":178,"column":69}},"58":{"start":{"line":179,"column":36},"end":{"line":179,"column":57}},"59":{"start":{"line":180,"column":31},"end":{"line":181,"column":55}},"60":{"start":{"line":182,"column":30},"end":{"line":182,"column":52}},"61":{"start":{"line":184,"column":42},"end":{"line":190,"column":9}},"62":{"start":{"line":195,"column":31},"end":{"line":202,"column":9}},"63":{"start":{"line":212,"column":30},"end":{"line":212,"column":50}},"64":{"start":{"line":214,"column":8},"end":{"line":230,"column":9}},"65":{"start":{"line":216,"column":12},"end":{"line":216,"column":43}},"66":{"start":{"line":217,"column":12},"end":{"line":217,"column":39}},"67":{"start":{"line":218,"column":15},"end":{"line":230,"column":9}},"68":{"start":{"line":220,"column":12},"end":{"line":220,"column":42}},"69":{"start":{"line":221,"column":12},"end":{"line":221,"column":45}},"70":{"start":{"line":222,"column":12},"end":{"line":222,"column":50}},"71":{"start":{"line":223,"column":15},"end":{"line":230,"column":9}},"72":{"start":{"line":225,"column":12},"end":{"line":225,"column":42}},"73":{"start":{"line":226,"column":12},"end":{"line":226,"column":45}},"74":{"start":{"line":227,"column":12},"end":{"line":227,"column":56}},"75":{"start":{"line":229,"column":12},"end":{"line":229,"column":72}},"76":{"start":{"line":235,"column":23},"end":{"line":235,"column":43}},"77":{"start":{"line":236,"column":25},"end":{"line":236,"column":47}},"78":{"start":{"line":238,"column":8},"end":{"line":278,"column":9}},"79":{"start":{"line":240,"column":26},"end":{"line":240,"column":40}},"80":{"start":{"line":242,"column":12},"end":{"line":260,"column":14}},"81":{"start":{"line":261,"column":15},"end":{"line":278,"column":9}},"82":{"start":{"line":262,"column":12},"end":{"line":269,"column":14}},"83":{"start":{"line":271,"column":12},"end":{"line":277,"column":14}},"84":{"start":{"line":281,"column":8},"end":{"line":286,"column":10}},"85":{"start":{"line":294,"column":24},"end":{"line":294,"column":26}},"86":{"start":{"line":297,"column":4},"end":{"line":297,"column":76}},"87":{"start":{"line":298,"column":4},"end":{"line":298,"column":64}},"88":{"start":{"line":299,"column":4},"end":{"line":299,"column":74}},"89":{"start":{"line":300,"column":4},"end":{"line":300,"column":60}},"90":{"start":{"line":303,"column":15},"end":{"line":303,"column":37}},"91":{"start":{"line":304,"column":4},"end":{"line":312,"column":5}},"92":{"start":{"line":305,"column":8},"end":{"line":305,"column":71}},"93":{"start":{"line":306,"column":11},"end":{"line":312,"column":5}},"94":{"start":{"line":307,"column":8},"end":{"line":307,"column":93}},"95":{"start":{"line":308,"column":11},"end":{"line":312,"column":5}},"96":{"start":{"line":309,"column":8},"end":{"line":309,"column":93}},"97":{"start":{"line":311,"column":8},"end":{"line":311,"column":65}},"98":{"start":{"line":315,"column":16},"end":{"line":315,"column":103}},"99":{"start":{"line":316,"column":4},"end":{"line":316,"column":42}},"100":{"start":{"line":317,"column":4},"end":{"line":317,"column":54}},"101":{"start":{"line":320,"column":23},"end":{"line":320,"column":76}},"102":{"start":{"line":321,"column":4},"end":{"line":321,"column":41}},"103":{"start":{"line":322,"column":4},"end":{"line":322,"column":84}},"104":{"start":{"line":325,"column":4},"end":{"line":327,"column":5}},"105":{"start":{"line":326,"column":8},"end":{"line":326,"column":67}},"106":{"start":{"line":329,"column":4},"end":{"line":329,"column":23}},"107":{"start":{"line":332,"column":0},"end":{"line":335,"column":2}}},"fnMap":{"0":{"name":"verifyLoanDecision","decl":{"start":{"line":26,"column":15},"end":{"line":26,"column":33}},"loc":{"start":{"line":26,"column":70},"end":{"line":288,"column":1}},"line":26},"1":{"name":"generateConstraintDescription","decl":{"start":{"line":293,"column":9},"end":{"line":293,"column":38}},"loc":{"start":{"line":293,"column":63},"end":{"line":330,"column":1}},"line":293}},"branchMap":{"0":{"loc":{"start":{"line":59,"column":33},"end":{"line":59,"column":58}},"type":"binary-expr","locations":[{"start":{"line":59,"column":33},"end":{"line":59,"column":53}},{"start":{"line":59,"column":57},"end":{"line":59,"column":58}}],"line":59},"1":{"loc":{"start":{"line":60,"column":38},"end":{"line":60,"column":69}},"type":"binary-expr","locations":[{"start":{"line":60,"column":38},"end":{"line":60,"column":64}},{"start":{"line":60,"column":68},"end":{"line":60,"column":69}}],"line":60},"2":{"loc":{"start":{"line":61,"column":35},"end":{"line":61,"column":62}},"type":"binary-expr","locations":[{"start":{"line":61,"column":35},"end":{"line":61,"column":57}},{"start":{"line":61,"column":61},"end":{"line":61,"column":62}}],"line":61},"3":{"loc":{"start":{"line":91,"column":8},"end":{"line":98,"column":9}},"type":"if","locations":[{"start":{"line":91,"column":8},"end":{"line":98,"column":9}},{"start":{"line":95,"column":15},"end":{"line":98,"column":9}}],"line":91},"4":{"loc":{"start":{"line":214,"column":8},"end":{"line":230,"column":9}},"type":"if","locations":[{"start":{"line":214,"column":8},"end":{"line":230,"column":9}},{"start":{"line":218,"column":15},"end":{"line":230,"column":9}}],"line":214},"5":{"loc":{"start":{"line":218,"column":15},"end":{"line":230,"column":9}},"type":"if","locations":[{"start":{"line":218,"column":15},"end":{"line":230,"column":9}},{"start":{"line":223,"column":15},"end":{"line":230,"column":9}}],"line":218},"6":{"loc":{"start":{"line":223,"column":15},"end":{"line":230,"column":9}},"type":"if","locations":[{"start":{"line":223,"column":15},"end":{"line":230,"column":9}},{"start":{"line":228,"column":15},"end":{"line":230,"column":9}}],"line":223},"7":{"loc":{"start":{"line":238,"column":8},"end":{"line":278,"column":9}},"type":"if","locations":[{"start":{"line":238,"column":8},"end":{"line":278,"column":9}},{"start":{"line":261,"column":15},"end":{"line":278,"column":9}}],"line":238},"8":{"loc":{"start":{"line":261,"column":15},"end":{"line":278,"column":9}},"type":"if","locations":[{"start":{"line":261,"column":15},"end":{"line":278,"column":9}},{"start":{"line":270,"column":15},"end":{"line":278,"column":9}}],"line":261},"9":{"loc":{"start":{"line":304,"column":4},"end":{"line":312,"column":5}},"type":"if","locations":[{"start":{"line":304,"column":4},"end":{"line":312,"column":5}},{"start":{"line":306,"column":11},"end":{"line":312,"column":5}}],"line":304},"10":{"loc":{"start":{"line":306,"column":11},"end":{"line":312,"column":5}},"type":"if","locations":[{"start":{"line":306,"column":11},"end":{"line":312,"column":5}},{"start":{"line":308,"column":11},"end":{"line":312,"column":5}}],"line":306},"11":{"loc":{"start":{"line":308,"column":11},"end":{"line":312,"column":5}},"type":"if","locations":[{"start":{"line":308,"column":11},"end":{"line":312,"column":5}},{"start":{"line":310,"column":11},"end":{"line":312,"column":5}}],"line":308},"12":{"loc":{"start":{"line":322,"column":44},"end":{"line":322,"column":78}},"type":"cond-expr","locations":[{"start":{"line":322,"column":57},"end":{"line":322,"column":67}},{"start":{"line":322,"column":70},"end":{"line":322,"column":78}}],"line":322},"13":{"loc":{"start":{"line":325,"column":4},"end":{"line":327,"column":5}},"type":"if","locations":[{"start":{"line":325,"column":4},"end":{"line":327,"column":5}},{"start":{},"end":{}}],"line":325},"14":{"loc":{"start":{"line":325,"column":8},"end":{"line":325,"column":48}},"type":"binary-expr","locations":[{"start":{"line":325,"column":8},"end":{"line":325,"column":19}},{"start":{"line":325,"column":23},"end":{"line":325,"column":48}}],"line":325}},"s":{"0":0,"1":0,"2":0,"3":0,"4":0,"5":0,"6":0,"7":0,"8":0,"9":0,"10":0,"11":0,"12":0,"13":0,"14":0,"15":0,"16":0,"17":0,"18":0,"19":0,"20":0,"21":0,"22":0,"23":0,"24":0,"25":0,"26":0,"27":0,"28":0,"29":0,"30":0,"31":0,"32":0,"33":0,"34":0,"35":0,"36":0,"37":0,"38":0,"39":0,"40":0,"41":0,"42":0,"43":0,"44":0,"45":0,"46":0,"47":0,"48":0,"49":0,"50":0,"51":0,"52":0,"53":0,"54":0,"55":0,"56":0,"57":0,"58":0,"59":0,"60":0,"61":0,"62":0,"63":0,"64":0,"65":0,"66":0,"67":0,"68":0,"69":0,"70":0,"71":0,"72":0,"73":0,"74":0,"75":0,"76":0,"77":0,"78":0,"79":0,"80":0,"81":0,"82":0,"83":0,"84":0,"85":0,"86":0,"87":0,"88":0,"89":0,"90":0,"91":0,"92":0,"93":0,"94":0,"95":0,"96":0,"97":0,"98":0,"99":0,"100":0,"101":0,"102":0,"103":0,"104":0,"105":0,"106":0,"107":0},"f":{"0":0,"1":0},"b":{"0":[0,0],"1":[0,0],"2":[0,0],"3":[0,0],"4":[0,0],"5":[0,0],"6":[0,0],"7":[0,0],"8":[0,0],"9":[0,0],"10":[0,0],"11":[0,0],"12":[0,0],"13":[0,0],"14":[0,0]}}
}
