TN:
SF:src\bridge\middleware\auth.js
FN:19,generateToken
FN:32,verifyToken
FN:48,authenticateToken
FN:81,authenticateApiKey
FN:83,(anonymous_4)
FN:111,authenticateEither
FN:127,(anonymous_6)
FNF:7
FNH:5
FNDA:4,generateToken
FNDA:6,verifyToken
FNDA:3,authenticateToken
FNDA:3,authenticateApiKey
FNDA:9,(anonymous_4)
FNDA:0,authenticateEither
FNDA:0,(anonymous_6)
DA:8,1
DA:9,1
DA:11,1
DA:12,1
DA:20,4
DA:33,6
DA:34,6
DA:39,3
DA:40,3
DA:49,3
DA:50,3
DA:52,3
DA:53,1
DA:54,1
DA:60,2
DA:62,2
DA:63,1
DA:64,1
DA:71,1
DA:72,1
DA:74,1
DA:82,3
DA:83,9
DA:85,3
DA:86,1
DA:87,1
DA:93,2
DA:94,1
DA:95,1
DA:102,1
DA:103,1
DA:105,1
DA:113,0
DA:114,0
DA:116,0
DA:117,0
DA:118,0
DA:119,0
DA:120,0
DA:121,0
DA:126,0
DA:127,0
DA:129,0
DA:130,0
DA:131,0
DA:132,0
DA:136,0
DA:137,0
DA:143,1
LF:49
LH:33
BRDA:11,0,0,1
BRDA:11,0,1,1
BRDA:12,1,0,1
BRDA:12,1,1,1
BRDA:50,2,0,3
BRDA:50,2,1,2
BRDA:52,3,0,1
BRDA:52,3,1,2
BRDA:62,4,0,1
BRDA:62,4,1,1
BRDA:83,5,0,3
BRDA:83,5,1,0
BRDA:85,6,0,1
BRDA:85,6,1,2
BRDA:93,7,0,1
BRDA:93,7,1,1
BRDA:114,8,0,0
BRDA:114,8,1,0
BRDA:116,9,0,0
BRDA:116,9,1,0
BRDA:118,10,0,0
BRDA:118,10,1,0
BRDA:127,11,0,0
BRDA:127,11,1,0
BRDA:129,12,0,0
BRDA:129,12,1,0
BRDA:129,13,0,0
BRDA:129,13,1,0
BRF:28
BRH:15
end_of_record
TN:
SF:src\bridge\middleware\errorHandler.js
FN:14,(anonymous_0)
FN:26,notFoundHandler
FN:38,errorHandler
FN:123,asyncHandler
FN:124,(anonymous_4)
FN:132,handleUncaughtException
FN:133,(anonymous_6)
FN:142,handleUnhandledRejection
FN:143,(anonymous_8)
FN:152,setupGracefulShutdown
FN:152,(anonymous_10)
FN:153,(anonymous_11)
FN:157,(anonymous_12)
FN:172,(anonymous_13)
FN:178,(anonymous_14)
FN:179,(anonymous_15)
FNF:16
FNH:0
FNDA:0,(anonymous_0)
FNDA:0,notFoundHandler
FNDA:0,errorHandler
FNDA:0,asyncHandler
FNDA:0,(anonymous_4)
FNDA:0,handleUncaughtException
FNDA:0,(anonymous_6)
FNDA:0,handleUnhandledRejection
FNDA:0,(anonymous_8)
FNDA:0,setupGracefulShutdown
FNDA:0,(anonymous_10)
FNDA:0,(anonymous_11)
FNDA:0,(anonymous_12)
FNDA:0,(anonymous_13)
FNDA:0,(anonymous_14)
FNDA:0,(anonymous_15)
DA:8,0
DA:15,0
DA:16,0
DA:17,0
DA:18,0
DA:19,0
DA:27,0
DA:32,0
DA:39,0
DA:42,0
DA:43,0
DA:46,0
DA:61,0
DA:67,0
DA:68,0
DA:69,0
DA:73,0
DA:74,0
DA:78,0
DA:79,0
DA:80,0
DA:81,0
DA:84,0
DA:85,0
DA:86,0
DA:89,0
DA:90,0
DA:91,0
DA:94,0
DA:95,0
DA:96,0
DA:100,0
DA:101,0
DA:102,0
DA:105,0
DA:106,0
DA:107,0
DA:111,0
DA:112,0
DA:113,0
DA:114,0
DA:117,0
DA:124,0
DA:125,0
DA:133,0
DA:134,0
DA:135,0
DA:143,0
DA:144,0
DA:145,0
DA:153,0
DA:154,0
DA:157,0
DA:158,0
DA:160,0
DA:162,0
DA:163,0
DA:164,0
DA:166,0
DA:167,0
DA:172,0
DA:173,0
DA:174,0
DA:178,0
DA:179,0
DA:182,0
LF:66
LH:0
BRDA:14,0,0,0
BRDA:14,1,0,0
BRDA:42,2,0,0
BRDA:42,2,1,0
BRDA:43,3,0,0
BRDA:43,3,1,0
BRDA:62,4,0,0
BRDA:62,4,1,0
BRDA:67,5,0,0
BRDA:67,5,1,0
BRDA:73,6,0,0
BRDA:73,6,1,0
BRDA:73,7,0,0
BRDA:73,7,1,0
BRDA:78,8,0,0
BRDA:78,8,1,0
BRDA:84,9,0,0
BRDA:84,9,1,0
BRDA:89,10,0,0
BRDA:89,10,1,0
BRDA:94,11,0,0
BRDA:94,11,1,0
BRDA:100,12,0,0
BRDA:100,12,1,0
BRDA:100,13,0,0
BRDA:100,13,1,0
BRDA:105,14,0,0
BRDA:105,14,1,0
BRDA:111,15,0,0
BRDA:111,15,1,0
BRDA:111,16,0,0
BRDA:111,16,1,0
BRDA:152,17,0,0
BRF:33
BRH:0
end_of_record
TN:
SF:src\bridge\middleware\rateLimiting.js
FN:25,(anonymous_0)
FN:53,(anonymous_1)
FN:68,(anonymous_2)
FN:87,(anonymous_3)
FN:102,(anonymous_4)
FN:115,(anonymous_5)
FN:130,createCustomLimiter
FN:136,(anonymous_7)
FNF:8
FNH:0
FNDA:0,(anonymous_0)
FNDA:0,(anonymous_1)
FNDA:0,(anonymous_2)
FNDA:0,(anonymous_3)
FNDA:0,(anonymous_4)
FNDA:0,(anonymous_5)
FNDA:0,createCustomLimiter
FNDA:0,(anonymous_7)
DA:8,0
DA:9,0
DA:15,0
DA:26,0
DA:31,0
DA:43,0
DA:54,0
DA:60,0
DA:69,0
DA:77,0
DA:88,0
DA:94,0
DA:103,0
DA:110,0
DA:116,0
DA:117,0
DA:131,0
DA:137,0
DA:138,0
DA:146,0
DA:149,0
LF:21
LH:0
BRDA:69,0,0,0
BRDA:69,0,1,0
BRDA:103,1,0,0
BRDA:103,1,1,0
BRDA:140,2,0,0
BRDA:140,2,1,0
BRF:6
BRH:0
end_of_record
TN:
SF:src\bridge\middleware\validation.js
FN:81,validateProgramName
FN:105,validate
FN:106,(anonymous_2)
FN:115,(anonymous_3)
FN:146,(anonymous_4)
FN:168,(anonymous_5)
FN:191,sanitize
FN:192,(anonymous_7)
FN:201,(anonymous_8)
FNF:9
FNH:2
FNDA:12,validateProgramName
FNDA:1,validate
FNDA:0,(anonymous_2)
FNDA:0,(anonymous_3)
FNDA:0,(anonymous_4)
FNDA:0,(anonymous_5)
FNDA:0,sanitize
FNDA:0,(anonymous_7)
FNDA:0,(anonymous_8)
DA:8,1
DA:9,1
DA:15,1
DA:54,1
DA:70,1
DA:82,12
DA:83,7
DA:90,5
DA:91,0
DA:97,5
DA:106,1
DA:107,0
DA:109,0
DA:114,0
DA:115,0
DA:120,0
DA:126,0
DA:133,0
DA:134,0
DA:141,1
DA:146,1
DA:147,0
DA:149,0
DA:154,0
DA:155,0
DA:156,0
DA:162,0
DA:168,1
DA:169,0
DA:170,0
DA:172,0
DA:173,0
DA:179,0
DA:185,0
DA:192,0
DA:193,0
DA:196,0
DA:201,0
DA:202,0
DA:204,0
DA:205,0
DA:206,0
DA:207,0
DA:208,0
DA:209,0
DA:211,0
DA:214,0
DA:217,0
DA:218,0
DA:219,0
DA:221,0
DA:224,1
LF:52
LH:14
BRDA:82,0,0,7
BRDA:82,0,1,5
BRDA:90,1,0,0
BRDA:90,1,1,5
BRDA:90,2,0,5
BRDA:90,2,1,5
BRDA:90,2,2,5
BRDA:105,3,0,0
BRDA:114,4,0,0
BRDA:114,4,1,0
BRDA:154,5,0,0
BRDA:154,5,1,0
BRDA:172,6,0,0
BRDA:172,6,1,0
BRDA:193,7,0,0
BRDA:193,7,1,0
BRDA:202,8,0,0
BRDA:202,8,1,0
BRDA:202,9,0,0
BRDA:202,9,1,0
BRDA:206,10,0,0
BRDA:206,10,1,0
BRDA:208,11,0,0
BRDA:208,11,1,0
BRDA:217,12,0,0
BRDA:217,12,1,0
BRDA:218,13,0,0
BRDA:218,13,1,0
BRDA:219,14,0,0
BRDA:219,14,1,0
BRF:30
BRH:6
end_of_record
TN:
SF:src\bridge\utils\logger.js
FN:41,(anonymous_0)
FN:47,requestLogger
FN:50,(anonymous_2)
FN:77,logCobolExecution
FN:90,logAiAnalysis
FN:102,logSecurityEvent
FNF:6
FNH:0
FNDA:0,(anonymous_0)
FNDA:0,requestLogger
FNDA:0,(anonymous_2)
FNDA:0,logCobolExecution
FNDA:0,logAiAnalysis
FNDA:0,logSecurityEvent
DA:8,0
DA:10,0
DA:12,0
DA:41,0
DA:48,0
DA:50,0
DA:51,0
DA:52,0
DA:62,0
DA:63,0
DA:64,0
DA:65,0
DA:67,0
DA:71,0
DA:78,0
DA:91,0
DA:103,0
DA:110,0
DA:111,0
DA:112,0
DA:113,0
DA:114,0
LF:22
LH:0
BRDA:13,0,0,0
BRDA:13,0,1,0
BRDA:13,1,0,0
BRDA:13,1,1,0
BRDA:16,2,0,0
BRDA:16,2,1,0
BRDA:29,3,0,0
BRDA:29,3,1,0
BRDA:62,4,0,0
BRDA:62,4,1,0
BRDA:64,5,0,0
BRDA:64,5,1,0
BRDA:95,6,0,0
BRDA:95,6,1,0
BRF:14
BRH:0
end_of_record
TN:
SF:src\bridge\verifier\z3_verifier.js
FN:26,verifyLoanDecision
FN:293,generateConstraintDescription
FNF:2
FNH:0
FNDA:0,verifyLoanDecision
FNDA:0,generateConstraintDescription
DA:17,0
DA:27,0
DA:29,0
DA:30,0
DA:31,0
DA:34,0
DA:35,0
DA:36,0
DA:37,0
DA:38,0
DA:39,0
DA:40,0
DA:43,0
DA:44,0
DA:48,0
DA:50,0
DA:55,0
DA:56,0
DA:57,0
DA:58,0
DA:59,0
DA:60,0
DA:61,0
DA:69,0
DA:70,0
DA:71,0
DA:74,0
DA:77,0
DA:80,0
DA:82,0
DA:91,0
DA:92,0
DA:93,0
DA:94,0
DA:97,0
DA:103,0
DA:104,0
DA:105,0
DA:106,0
DA:111,0
DA:112,0
DA:113,0
DA:114,0
DA:116,0
DA:126,0
DA:136,0
DA:141,0
DA:146,0
DA:147,0
DA:150,0
DA:155,0
DA:162,0
DA:165,0
DA:168,0
DA:172,0
DA:176,0
DA:177,0
DA:178,0
DA:179,0
DA:180,0
DA:182,0
DA:184,0
DA:195,0
DA:212,0
DA:214,0
DA:216,0
DA:217,0
DA:218,0
DA:220,0
DA:221,0
DA:222,0
DA:223,0
DA:225,0
DA:226,0
DA:227,0
DA:229,0
DA:235,0
DA:236,0
DA:238,0
DA:240,0
DA:242,0
DA:261,0
DA:262,0
DA:271,0
DA:281,0
DA:294,0
DA:297,0
DA:298,0
DA:299,0
DA:300,0
DA:303,0
DA:304,0
DA:305,0
DA:306,0
DA:307,0
DA:308,0
DA:309,0
DA:311,0
DA:315,0
DA:316,0
DA:317,0
DA:320,0
DA:321,0
DA:322,0
DA:325,0
DA:326,0
DA:329,0
DA:332,0
LF:108
LH:0
BRDA:59,0,0,0
BRDA:59,0,1,0
BRDA:60,1,0,0
BRDA:60,1,1,0
BRDA:61,2,0,0
BRDA:61,2,1,0
BRDA:91,3,0,0
BRDA:91,3,1,0
BRDA:214,4,0,0
BRDA:214,4,1,0
BRDA:218,5,0,0
BRDA:218,5,1,0
BRDA:223,6,0,0
BRDA:223,6,1,0
BRDA:238,7,0,0
BRDA:238,7,1,0
BRDA:261,8,0,0
BRDA:261,8,1,0
BRDA:304,9,0,0
BRDA:304,9,1,0
BRDA:306,10,0,0
BRDA:306,10,1,0
BRDA:308,11,0,0
BRDA:308,11,1,0
BRDA:322,12,0,0
BRDA:322,12,1,0
BRDA:325,13,0,0
BRDA:325,13,1,0
BRDA:325,14,0,0
BRDA:325,14,1,0
BRF:30
BRH:0
end_of_record
